<?xml version="1.0" encoding="UTF-8"?>
<robot generator="Robot 6.0.1 (Python 3.10.7 on win32)" generated="20221219 13:28:24.080" rpa="false" schemaversion="3">
<suite id="s1" name="My Register" source="C:\Users\jagatheswaran.m\PycharmProjects\RobotFramework\Register\my_register.robot">
<test id="s1-t1" name="test1" line="10">
<kw name="my browser" library="RegisterPOM">
<arg>${url}</arg>
<arg>${browser}</arg>
<kw name="Open Browser" library="SeleniumLibrary">
<arg>${url}</arg>
<arg>${browser}</arg>
<doc>Opens a new browser instance to the optional ``url``.</doc>
<msg timestamp="20221219 13:28:24.410" level="INFO">Opening browser 'chrome' to base url 'https://demo.guru99.com/test/newtours/register.php'.</msg>
<status status="PASS" starttime="20221219 13:28:24.410" endtime="20221219 13:28:28.646"/>
</kw>
<kw name="Maximize Browser Window" library="SeleniumLibrary">
<doc>Maximizes current browser window.</doc>
<status status="PASS" starttime="20221219 13:28:28.646" endtime="20221219 13:28:28.787"/>
</kw>
<status status="PASS" starttime="20221219 13:28:24.409" endtime="20221219 13:28:28.788"/>
</kw>
<kw name="Enter firstname" library="RegisterPOM">
<arg>Jagathes</arg>
<kw name="Input Text" library="SeleniumLibrary">
<arg>${Firstname}</arg>
<arg>${my_firstname}</arg>
<doc>Types the given ``text`` into the text field identified by ``locator``.</doc>
<msg timestamp="20221219 13:28:28.792" level="INFO">Typing text 'Jagathes' into text field 'name:firstName'.</msg>
<status status="PASS" starttime="20221219 13:28:28.788" endtime="20221219 13:28:29.078"/>
</kw>
<status status="PASS" starttime="20221219 13:28:28.788" endtime="20221219 13:28:29.078"/>
</kw>
<kw name="Enter lastname" library="RegisterPOM">
<arg>M</arg>
<kw name="Input Text" library="SeleniumLibrary">
<arg>${Lastname}</arg>
<arg>${my_lastname}</arg>
<doc>Types the given ``text`` into the text field identified by ``locator``.</doc>
<msg timestamp="20221219 13:28:29.078" level="INFO">Typing text 'M' into text field 'name:lastName'.</msg>
<status status="PASS" starttime="20221219 13:28:29.078" endtime="20221219 13:28:29.567"/>
</kw>
<status status="PASS" starttime="20221219 13:28:29.078" endtime="20221219 13:28:29.567"/>
</kw>
<kw name="enter phone" library="RegisterPOM">
<arg>909099090909</arg>
<kw name="Input Text" library="SeleniumLibrary">
<arg>${phone}</arg>
<arg>${my_phone}</arg>
<doc>Types the given ``text`` into the text field identified by ``locator``.</doc>
<msg timestamp="20221219 13:28:29.569" level="INFO">Typing text '909099090909' into text field 'name:phone'.</msg>
<status status="PASS" starttime="20221219 13:28:29.568" endtime="20221219 13:28:30.017"/>
</kw>
<status status="PASS" starttime="20221219 13:28:29.568" endtime="20221219 13:28:30.017"/>
</kw>
<kw name="Enter Email" library="RegisterPOM">
<arg>Jaga@12.com</arg>
<kw name="Input Text" library="SeleniumLibrary">
<arg>${Email}</arg>
<arg>${my_email}</arg>
<doc>Types the given ``text`` into the text field identified by ``locator``.</doc>
<msg timestamp="20221219 13:28:30.024" level="INFO">Typing text 'Jaga@12.com' into text field 'name:userName'.</msg>
<status status="PASS" starttime="20221219 13:28:30.021" endtime="20221219 13:28:30.373"/>
</kw>
<status status="PASS" starttime="20221219 13:28:30.020" endtime="20221219 13:28:30.374"/>
</kw>
<kw name="Enter Add" library="RegisterPOM">
<arg>12,tatashowrom,erode</arg>
<kw name="Input Text" library="SeleniumLibrary">
<arg>${Address}</arg>
<arg>${my_addr}</arg>
<doc>Types the given ``text`` into the text field identified by ``locator``.</doc>
<msg timestamp="20221219 13:28:30.375" level="INFO">Typing text '12,tatashowrom,erode' into text field 'name:address1'.</msg>
<status status="PASS" starttime="20221219 13:28:30.375" endtime="20221219 13:28:30.631"/>
</kw>
<status status="PASS" starttime="20221219 13:28:30.375" endtime="20221219 13:28:30.631"/>
</kw>
<kw name="Enter city" library="RegisterPOM">
<arg>BLR</arg>
<kw name="Input Text" library="SeleniumLibrary">
<arg>${City}</arg>
<arg>${my_city}</arg>
<doc>Types the given ``text`` into the text field identified by ``locator``.</doc>
<msg timestamp="20221219 13:28:30.637" level="INFO">Typing text 'BLR' into text field 'name:city'.</msg>
<status status="PASS" starttime="20221219 13:28:30.631" endtime="20221219 13:28:31.098"/>
</kw>
<status status="PASS" starttime="20221219 13:28:30.631" endtime="20221219 13:28:31.098"/>
</kw>
<kw name="Enter State" library="RegisterPOM">
<arg>Karanataka</arg>
<kw name="Input Text" library="SeleniumLibrary">
<arg>${State}</arg>
<arg>${my_state}</arg>
<doc>Types the given ``text`` into the text field identified by ``locator``.</doc>
<msg timestamp="20221219 13:28:31.103" level="INFO">Typing text 'Karanataka' into text field 'name:state'.</msg>
<status status="PASS" starttime="20221219 13:28:31.098" endtime="20221219 13:28:31.403"/>
</kw>
<status status="PASS" starttime="20221219 13:28:31.098" endtime="20221219 13:28:31.404"/>
</kw>
<kw name="Enter postalcode" library="RegisterPOM">
<arg>765767</arg>
<kw name="Input Text" library="SeleniumLibrary">
<arg>${Postalcode}</arg>
<arg>${my_postalcode}</arg>
<doc>Types the given ``text`` into the text field identified by ``locator``.</doc>
<msg timestamp="20221219 13:28:31.408" level="INFO">Typing text '765767' into text field 'name:postalCode'.</msg>
<status status="PASS" starttime="20221219 13:28:31.408" endtime="20221219 13:28:31.698"/>
</kw>
<status status="PASS" starttime="20221219 13:28:31.406" endtime="20221219 13:28:31.698"/>
</kw>
<kw name="Enter country" library="RegisterPOM">
<arg>INDIA</arg>
<kw name="Select From List By Value" library="SeleniumLibrary">
<arg>${Country}</arg>
<arg>${my_country}</arg>
<doc>Selects options from selection list ``locator`` by ``values``.</doc>
<msg timestamp="20221219 13:28:31.698" level="INFO">Selecting options from selection list 'name:country' by value INDIA.</msg>
<status status="PASS" starttime="20221219 13:28:31.698" endtime="20221219 13:28:31.862"/>
</kw>
<status status="PASS" starttime="20221219 13:28:31.698" endtime="20221219 13:28:31.862"/>
</kw>
<kw name="Enter username" library="RegisterPOM">
<arg>Jags</arg>
<kw name="Input Text" library="SeleniumLibrary">
<arg>${Username}</arg>
<arg>${my_username}</arg>
<doc>Types the given ``text`` into the text field identified by ``locator``.</doc>
<msg timestamp="20221219 13:28:31.862" level="INFO">Typing text 'Jags' into text field 'name:email'.</msg>
<status status="PASS" starttime="20221219 13:28:31.862" endtime="20221219 13:28:32.132"/>
</kw>
<status status="PASS" starttime="20221219 13:28:31.862" endtime="20221219 13:28:32.132"/>
</kw>
<kw name="Enter password" library="RegisterPOM">
<arg>Jagathemax123332</arg>
<kw name="Input Text" library="SeleniumLibrary">
<arg>${Password}</arg>
<arg>${my_password}</arg>
<doc>Types the given ``text`` into the text field identified by ``locator``.</doc>
<msg timestamp="20221219 13:28:32.138" level="INFO">Typing text 'Jagathemax123332' into text field 'name:password'.</msg>
<status status="PASS" starttime="20221219 13:28:32.132" endtime="20221219 13:28:32.445"/>
</kw>
<status status="PASS" starttime="20221219 13:28:32.132" endtime="20221219 13:28:32.445"/>
</kw>
<kw name="Enter confirmpassword" library="RegisterPOM">
<arg>Jagathemax123332</arg>
<kw name="Input Text" library="SeleniumLibrary">
<arg>${ConfirmationPassword}</arg>
<arg>${my_confirmpassword}</arg>
<doc>Types the given ``text`` into the text field identified by ``locator``.</doc>
<msg timestamp="20221219 13:28:32.445" level="INFO">Typing text 'Jagathemax123332' into text field 'name:confirmPassword'.</msg>
<status status="PASS" starttime="20221219 13:28:32.445" endtime="20221219 13:28:32.676"/>
</kw>
<status status="PASS" starttime="20221219 13:28:32.445" endtime="20221219 13:28:32.676"/>
</kw>
<kw name="Enter submit" library="RegisterPOM">
<kw name="Click Element" library="SeleniumLibrary">
<arg>${Submit}</arg>
<doc>Click the element identified by ``locator``.</doc>
<msg timestamp="20221219 13:28:32.679" level="INFO">Clicking element 'submit'.</msg>
<status status="PASS" starttime="20221219 13:28:32.678" endtime="20221219 13:28:34.529"/>
</kw>
<status status="PASS" starttime="20221219 13:28:32.676" endtime="20221219 13:28:34.530"/>
</kw>
<status status="PASS" starttime="20221219 13:28:24.408" endtime="20221219 13:28:34.530"/>
</test>
<status status="PASS" starttime="20221219 13:28:24.084" endtime="20221219 13:28:34.530"/>
</suite>
<statistics>
<total>
<stat pass="1" fail="0" skip="0">All Tests</stat>
</total>
<tag>
</tag>
<suite>
<stat pass="1" fail="0" skip="0" id="s1" name="My Register">My Register</stat>
</suite>
</statistics>
<errors>
</errors>
</robot>
